08:40:22.872 [main] INFO   org.testng.internal.Utils - [TestNG] Time taken by org.testng.internal.ExitCodeListener@5e39850: 0 ms
08:51:31.080 [main] DEBUG  org.testng.TestNG - suiteXmlPath: "C:\Users\erann\AppData\Local\Temp\testng-eclipse--1129311186\testng-customsuite.xml"
08:51:31.814 [main] INFO   org.testng.internal.Utils - [Utils] MethodGroupsHelper.collectMethodsByGroup() took 3 ms.
08:51:31.822 [main] INFO   org.testng.internal.Utils - [Utils] MethodGroupsHelper.sortMethods() took 5 ms.
08:51:31.825 [main] INFO   org.testng.internal.Utils - [Utils] MethodGroupsHelper.collectMethodsByGroup() took 0 ms.
08:51:31.826 [main] INFO   org.testng.internal.Utils - [Utils] MethodGroupsHelper.sortMethods() took 0 ms.
08:51:31.827 [main] INFO   org.testng.internal.Utils - [Utils] MethodGroupsHelper.collectMethodsByGroup() took 0 ms.
08:51:31.827 [main] INFO   org.testng.internal.Utils - [Utils] MethodGroupsHelper.sortMethods() took 0 ms.
08:51:31.828 [main] INFO   org.testng.internal.Utils - [Utils] MethodGroupsHelper.collectMethodsByGroup() took 0 ms.
08:51:31.829 [main] INFO   org.testng.internal.Utils - [Utils] MethodGroupsHelper.sortMethods() took 0 ms.
08:51:31.836 [main] INFO   org.testng.internal.Utils - [Utils] MethodGroupsHelper.collectMethodsByGroup() took 5 ms.
08:51:31.858 [main] INFO   org.testng.internal.Utils - [Utils] MethodGroupsHelper.sortMethods() took 20 ms.
08:51:31.860 [main] INFO   org.testng.internal.Utils - [Utils] MethodGroupsHelper.collectMethodsByGroup() took 0 ms.
08:51:31.861 [main] INFO   org.testng.internal.Utils - [Utils] MethodGroupsHelper.sortMethods() took 0 ms.
08:51:31.862 [main] INFO   org.testng.internal.Utils - [Utils] MethodGroupsHelper.collectMethodsByGroup() took 0 ms.
08:51:31.863 [main] INFO   org.testng.internal.Utils - [Utils] MethodGroupsHelper.sortMethods() took 0 ms.
08:51:31.864 [main] INFO   org.testng.internal.Utils - [Utils] MethodGroupsHelper.collectMethodsByGroup() took 0 ms.
08:51:31.864 [main] INFO   org.testng.internal.Utils - [Utils] MethodGroupsHelper.sortMethods() took 0 ms.
08:51:31.869 [main] INFO   org.testng.internal.Utils - [Utils] MethodGroupsHelper.collectMethodsByGroup() took 0 ms.
08:51:31.869 [main] INFO   org.testng.internal.Utils - [Utils] MethodGroupsHelper.sortMethods() took 0 ms.
08:51:31.870 [main] INFO   org.testng.internal.Utils - [Utils] MethodGroupsHelper.collectMethodsByGroup() took 0 ms.
08:51:31.870 [main] INFO   org.testng.internal.Utils - [Utils] MethodGroupsHelper.sortMethods() took 0 ms.
08:51:31.875 [main] INFO   org.testng.internal.Utils - [Utils] MethodGroupsHelper.collectMethodsByGroup() took 0 ms.
08:51:31.875 [main] INFO   org.testng.internal.Utils - [Utils] MethodGroupsHelper.sortMethods() took 0 ms.
08:51:31.875 [main] INFO   org.testng.internal.Utils - [Utils] MethodGroupsHelper.collectMethodsByGroup() took 0 ms.
08:51:31.875 [main] INFO   org.testng.internal.Utils - [Utils] MethodGroupsHelper.sortMethods() took 0 ms.
08:51:31.878 [main] INFO   org.testng.internal.Utils - [Utils] MethodGroupsHelper.collectMethodsByGroup() took 1 ms.
08:51:31.879 [main] INFO   org.testng.internal.Utils - [Utils] MethodGroupsHelper.sortMethods() took 0 ms.
08:51:31.883 [main] INFO   org.testng.internal.Utils - [Utils] MethodGroupsHelper.collectMethodsByGroup() took 0 ms.
08:51:31.884 [main] INFO   org.testng.internal.Utils - [Utils] MethodGroupsHelper.sortMethods() took 0 ms.
08:51:31.884 [main] INFO   org.testng.internal.Utils - [Utils] MethodGroupsHelper.collectMethodsByGroup() took 0 ms.
08:51:31.884 [main] INFO   org.testng.internal.Utils - [Utils] MethodGroupsHelper.sortMethods() took 0 ms.
08:51:31.914 [main] INFO   org.testng.internal.Utils - [TestNG] Running:
  C:\Users\erann\AppData\Local\Temp\testng-eclipse--1129311186\testng-customsuite.xml

08:51:31.966 [main] INFO   org.testng.internal.Utils - [Utils] DynamicGraphHelper.createDynamicGraph() took 14 ms.
08:51:37.660 [main] INFO   testCases.TC001_AccountRegistrationTest - ***Starting the TC001_AccountRegistrationTest *** 
08:51:38.364 [main] INFO   testCases.TC001_AccountRegistrationTest - Clicked on my account
08:51:39.264 [main] INFO   testCases.TC001_AccountRegistrationTest - Clicked on registration
08:51:39.269 [main] INFO   testCases.TC001_AccountRegistrationTest - Providing the customer details
08:51:40.600 [main] INFO   testCases.TC001_AccountRegistrationTest - Validating the expected message
08:51:41.424 [main] INFO   testCases.TC001_AccountRegistrationTest -  *** Finished the TC001_AccountRegistrationTest *** 
08:51:48.825 [main] INFO   org.testng.internal.Utils - [TestNG] Time taken by org.testng.reporters.jq.Main@6ed691fd: 138 ms
08:51:48.840 [main] INFO   org.testng.internal.Utils - [TestNG] Time taken by org.testng.reporters.FailedReporter@1efcba00: 15 ms
08:51:48.862 [main] INFO   org.testng.internal.Utils - [TestNG] Time taken by org.testng.reporters.XMLReporter@7fb44737: 22 ms
08:51:48.873 [main] INFO   org.testng.internal.Utils - [TestNG] Time taken by org.testng.reporters.EmailableReporter2@35554635: 11 ms
